{"/Users/tombastian/workspace/trello-api-wrapper/mockReturns.js": {"path":"/Users/tombastian/workspace/trello-api-wrapper/mockReturns.js","statementMap":{"0":{"start":{"line":1,"column":17},"end":{"line":56,"column":1}},"1":{"start":{"line":58,"column":25},"end":{"line":85,"column":4}},"2":{"start":{"line":87,"column":0},"end":{"line":90,"column":1}}},"fnMap":{},"branchMap":{},"s":{"0":1,"1":1,"2":1},"f":{},"b":{},"_coverageSchema":"43e27e138ebf9cfc5966b082cf9a028302ed4184","hash":"55c58440ae4189eace04c598ac28f56bf8fe9a78"}
,"/Users/tombastian/workspace/trello-api-wrapper/trello.js": {"path":"/Users/tombastian/workspace/trello-api-wrapper/trello.js","statementMap":{"0":{"start":{"line":8,"column":16},"end":{"line":8,"column":42}},"1":{"start":{"line":12,"column":4},"end":{"line":12,"column":39}},"2":{"start":{"line":13,"column":4},"end":{"line":13,"column":18}},"3":{"start":{"line":14,"column":4},"end":{"line":14,"column":22}},"4":{"start":{"line":18,"column":4},"end":{"line":18,"column":47}},"5":{"start":{"line":22,"column":4},"end":{"line":22,"column":46}},"6":{"start":{"line":26,"column":4},"end":{"line":26,"column":47}},"7":{"start":{"line":30,"column":4},"end":{"line":30,"column":46}},"8":{"start":{"line":34,"column":4},"end":{"line":34,"column":42}},"9":{"start":{"line":38,"column":15},"end":{"line":38,"column":32}},"10":{"start":{"line":40,"column":20},"end":{"line":40,"column":67}},"11":{"start":{"line":41,"column":4},"end":{"line":41,"column":52}},"12":{"start":{"line":41,"column":15},"end":{"line":41,"column":52}},"13":{"start":{"line":43,"column":4},"end":{"line":47,"column":5}},"14":{"start":{"line":44,"column":6},"end":{"line":44,"column":35}},"15":{"start":{"line":46,"column":6},"end":{"line":46,"column":28}},"16":{"start":{"line":53,"column":4},"end":{"line":53,"column":68}},"17":{"start":{"line":57,"column":4},"end":{"line":57,"column":71}},"18":{"start":{"line":61,"column":4},"end":{"line":61,"column":67}},"19":{"start":{"line":65,"column":4},"end":{"line":65,"column":65}},"20":{"start":{"line":69,"column":18},"end":{"line":69,"column":28}},"21":{"start":{"line":70,"column":4},"end":{"line":70,"column":72}},"22":{"start":{"line":74,"column":4},"end":{"line":74,"column":65}},"23":{"start":{"line":78,"column":18},"end":{"line":78,"column":20}},"24":{"start":{"line":79,"column":4},"end":{"line":79,"column":37}},"25":{"start":{"line":81,"column":4},"end":{"line":81,"column":72}},"26":{"start":{"line":85,"column":4},"end":{"line":85,"column":66}},"27":{"start":{"line":89,"column":4},"end":{"line":89,"column":52}},"28":{"start":{"line":93,"column":4},"end":{"line":93,"column":63}},"29":{"start":{"line":97,"column":18},"end":{"line":97,"column":20}},"30":{"start":{"line":98,"column":4},"end":{"line":98,"column":37}},"31":{"start":{"line":100,"column":4},"end":{"line":100,"column":70}},"32":{"start":{"line":104,"column":4},"end":{"line":104,"column":68}},"33":{"start":{"line":108,"column":4},"end":{"line":108,"column":66}},"34":{"start":{"line":112,"column":4},"end":{"line":112,"column":63}},"35":{"start":{"line":116,"column":4},"end":{"line":116,"column":55}},"36":{"start":{"line":120,"column":4},"end":{"line":120,"column":67}},"37":{"start":{"line":124,"column":4},"end":{"line":124,"column":81}},"38":{"start":{"line":130,"column":18},"end":{"line":130,"column":26}},"39":{"start":{"line":132,"column":4},"end":{"line":132,"column":45}},"40":{"start":{"line":132,"column":21},"end":{"line":132,"column":45}},"41":{"start":{"line":133,"column":4},"end":{"line":133,"column":61}},"42":{"start":{"line":133,"column":24},"end":{"line":133,"column":61}},"43":{"start":{"line":135,"column":4},"end":{"line":135,"column":52}},"44":{"start":{"line":140,"column":18},"end":{"line":140,"column":42}},"45":{"start":{"line":142,"column":4},"end":{"line":142,"column":45}},"46":{"start":{"line":142,"column":21},"end":{"line":142,"column":45}},"47":{"start":{"line":145,"column":16},"end":{"line":145,"column":62}},"48":{"start":{"line":146,"column":4},"end":{"line":146,"column":39}},"49":{"start":{"line":150,"column":18},"end":{"line":150,"column":42}},"50":{"start":{"line":152,"column":4},"end":{"line":152,"column":37}},"51":{"start":{"line":154,"column":4},"end":{"line":154,"column":50}},"52":{"start":{"line":158,"column":18},"end":{"line":158,"column":26}},"53":{"start":{"line":160,"column":4},"end":{"line":160,"column":73}},"54":{"start":{"line":164,"column":17},"end":{"line":164,"column":25}},"55":{"start":{"line":166,"column":4},"end":{"line":166,"column":86}},"56":{"start":{"line":170,"column":18},"end":{"line":170,"column":35}},"57":{"start":{"line":171,"column":4},"end":{"line":171,"column":82}},"58":{"start":{"line":175,"column":18},"end":{"line":175,"column":30}},"59":{"start":{"line":177,"column":4},"end":{"line":177,"column":73}},"60":{"start":{"line":181,"column":18},"end":{"line":181,"column":26}},"61":{"start":{"line":183,"column":4},"end":{"line":183,"column":76}},"62":{"start":{"line":187,"column":18},"end":{"line":190,"column":5}},"63":{"start":{"line":192,"column":4},"end":{"line":192,"column":86}},"64":{"start":{"line":196,"column":18},"end":{"line":196,"column":36}},"65":{"start":{"line":198,"column":4},"end":{"line":198,"column":74}},"66":{"start":{"line":202,"column":18},"end":{"line":206,"column":5}},"67":{"start":{"line":208,"column":4},"end":{"line":208,"column":51}},"68":{"start":{"line":212,"column":18},"end":{"line":212,"column":38}},"69":{"start":{"line":214,"column":4},"end":{"line":214,"column":69}},"70":{"start":{"line":220,"column":18},"end":{"line":220,"column":27}},"71":{"start":{"line":222,"column":4},"end":{"line":222,"column":73}},"72":{"start":{"line":226,"column":18},"end":{"line":226,"column":27}},"73":{"start":{"line":228,"column":4},"end":{"line":228,"column":83}},"74":{"start":{"line":232,"column":4},"end":{"line":232,"column":48}},"75":{"start":{"line":236,"column":4},"end":{"line":236,"column":55}},"76":{"start":{"line":240,"column":4},"end":{"line":240,"column":52}},"77":{"start":{"line":244,"column":18},"end":{"line":244,"column":27}},"78":{"start":{"line":245,"column":4},"end":{"line":245,"column":81}},"79":{"start":{"line":249,"column":18},"end":{"line":249,"column":33}},"80":{"start":{"line":250,"column":4},"end":{"line":250,"column":69}},"81":{"start":{"line":254,"column":18},"end":{"line":254,"column":27}},"82":{"start":{"line":255,"column":4},"end":{"line":255,"column":75}},"83":{"start":{"line":259,"column":4},"end":{"line":259,"column":50}},"84":{"start":{"line":263,"column":4},"end":{"line":263,"column":52}},"85":{"start":{"line":269,"column":4},"end":{"line":269,"column":55}},"86":{"start":{"line":273,"column":4},"end":{"line":273,"column":57}},"87":{"start":{"line":277,"column":4},"end":{"line":277,"column":80}},"88":{"start":{"line":282,"column":0},"end":{"line":282,"column":23}}},"fnMap":{"0":{"name":"(anonymous_0)","decl":{"start":{"line":11,"column":2},"end":{"line":11,"column":3}},"loc":{"start":{"line":11,"column":26},"end":{"line":15,"column":3}},"line":11},"1":{"name":"(anonymous_1)","decl":{"start":{"line":17,"column":2},"end":{"line":17,"column":3}},"loc":{"start":{"line":17,"column":15},"end":{"line":19,"column":3}},"line":17},"2":{"name":"(anonymous_2)","decl":{"start":{"line":21,"column":2},"end":{"line":21,"column":3}},"loc":{"start":{"line":21,"column":29},"end":{"line":23,"column":3}},"line":21},"3":{"name":"(anonymous_3)","decl":{"start":{"line":25,"column":2},"end":{"line":25,"column":3}},"loc":{"start":{"line":25,"column":30},"end":{"line":27,"column":3}},"line":25},"4":{"name":"(anonymous_4)","decl":{"start":{"line":29,"column":2},"end":{"line":29,"column":3}},"loc":{"start":{"line":29,"column":35},"end":{"line":31,"column":3}},"line":29},"5":{"name":"(anonymous_5)","decl":{"start":{"line":33,"column":2},"end":{"line":33,"column":3}},"loc":{"start":{"line":33,"column":25},"end":{"line":35,"column":3}},"line":33},"6":{"name":"(anonymous_6)","decl":{"start":{"line":37,"column":2},"end":{"line":37,"column":3}},"loc":{"start":{"line":37,"column":40},"end":{"line":48,"column":3}},"line":37},"7":{"name":"(anonymous_7)","decl":{"start":{"line":52,"column":2},"end":{"line":52,"column":3}},"loc":{"start":{"line":52,"column":22},"end":{"line":54,"column":3}},"line":52},"8":{"name":"(anonymous_8)","decl":{"start":{"line":56,"column":2},"end":{"line":56,"column":3}},"loc":{"start":{"line":56,"column":22},"end":{"line":58,"column":3}},"line":56},"9":{"name":"(anonymous_9)","decl":{"start":{"line":60,"column":2},"end":{"line":60,"column":3}},"loc":{"start":{"line":60,"column":27},"end":{"line":62,"column":3}},"line":60},"10":{"name":"(anonymous_10)","decl":{"start":{"line":64,"column":2},"end":{"line":64,"column":3}},"loc":{"start":{"line":64,"column":27},"end":{"line":66,"column":3}},"line":64},"11":{"name":"(anonymous_11)","decl":{"start":{"line":68,"column":2},"end":{"line":68,"column":3}},"loc":{"start":{"line":68,"column":43},"end":{"line":71,"column":3}},"line":68},"12":{"name":"(anonymous_12)","decl":{"start":{"line":73,"column":2},"end":{"line":73,"column":3}},"loc":{"start":{"line":73,"column":27},"end":{"line":75,"column":3}},"line":73},"13":{"name":"(anonymous_13)","decl":{"start":{"line":77,"column":2},"end":{"line":77,"column":3}},"loc":{"start":{"line":77,"column":55},"end":{"line":82,"column":3}},"line":77},"14":{"name":"(anonymous_14)","decl":{"start":{"line":84,"column":2},"end":{"line":84,"column":3}},"loc":{"start":{"line":84,"column":29},"end":{"line":86,"column":3}},"line":84},"15":{"name":"(anonymous_15)","decl":{"start":{"line":88,"column":2},"end":{"line":88,"column":3}},"loc":{"start":{"line":88,"column":18},"end":{"line":90,"column":3}},"line":88},"16":{"name":"(anonymous_16)","decl":{"start":{"line":92,"column":2},"end":{"line":92,"column":3}},"loc":{"start":{"line":92,"column":25},"end":{"line":94,"column":3}},"line":92},"17":{"name":"(anonymous_17)","decl":{"start":{"line":96,"column":2},"end":{"line":96,"column":3}},"loc":{"start":{"line":96,"column":53},"end":{"line":101,"column":3}},"line":96},"18":{"name":"(anonymous_18)","decl":{"start":{"line":103,"column":2},"end":{"line":103,"column":3}},"loc":{"start":{"line":103,"column":30},"end":{"line":105,"column":3}},"line":103},"19":{"name":"(anonymous_19)","decl":{"start":{"line":107,"column":2},"end":{"line":107,"column":3}},"loc":{"start":{"line":107,"column":26},"end":{"line":109,"column":3}},"line":107},"20":{"name":"(anonymous_20)","decl":{"start":{"line":111,"column":2},"end":{"line":111,"column":3}},"loc":{"start":{"line":111,"column":26},"end":{"line":113,"column":3}},"line":111},"21":{"name":"(anonymous_21)","decl":{"start":{"line":115,"column":2},"end":{"line":115,"column":3}},"loc":{"start":{"line":115,"column":22},"end":{"line":117,"column":3}},"line":115},"22":{"name":"(anonymous_22)","decl":{"start":{"line":119,"column":2},"end":{"line":119,"column":3}},"loc":{"start":{"line":119,"column":27},"end":{"line":121,"column":3}},"line":119},"23":{"name":"(anonymous_23)","decl":{"start":{"line":123,"column":2},"end":{"line":123,"column":3}},"loc":{"start":{"line":123,"column":32},"end":{"line":125,"column":3}},"line":123},"24":{"name":"(anonymous_24)","decl":{"start":{"line":129,"column":2},"end":{"line":129,"column":3}},"loc":{"start":{"line":129,"column":46},"end":{"line":137,"column":3}},"line":129},"25":{"name":"(anonymous_25)","decl":{"start":{"line":139,"column":2},"end":{"line":139,"column":3}},"loc":{"start":{"line":139,"column":43},"end":{"line":147,"column":3}},"line":139},"26":{"name":"(anonymous_26)","decl":{"start":{"line":149,"column":2},"end":{"line":149,"column":3}},"loc":{"start":{"line":149,"column":52},"end":{"line":155,"column":3}},"line":149},"27":{"name":"(anonymous_27)","decl":{"start":{"line":157,"column":2},"end":{"line":157,"column":3}},"loc":{"start":{"line":157,"column":32},"end":{"line":161,"column":3}},"line":157},"28":{"name":"(anonymous_28)","decl":{"start":{"line":163,"column":2},"end":{"line":163,"column":3}},"loc":{"start":{"line":163,"column":44},"end":{"line":167,"column":3}},"line":163},"29":{"name":"(anonymous_29)","decl":{"start":{"line":169,"column":2},"end":{"line":169,"column":3}},"loc":{"start":{"line":169,"column":36},"end":{"line":172,"column":3}},"line":169},"30":{"name":"(anonymous_30)","decl":{"start":{"line":174,"column":2},"end":{"line":174,"column":3}},"loc":{"start":{"line":174,"column":36},"end":{"line":178,"column":3}},"line":174},"31":{"name":"(anonymous_31)","decl":{"start":{"line":180,"column":2},"end":{"line":180,"column":3}},"loc":{"start":{"line":180,"column":35},"end":{"line":184,"column":3}},"line":180},"32":{"name":"(anonymous_32)","decl":{"start":{"line":186,"column":2},"end":{"line":186,"column":3}},"loc":{"start":{"line":186,"column":45},"end":{"line":193,"column":3}},"line":186},"33":{"name":"(anonymous_33)","decl":{"start":{"line":195,"column":2},"end":{"line":195,"column":3}},"loc":{"start":{"line":195,"column":34},"end":{"line":199,"column":3}},"line":195},"34":{"name":"(anonymous_34)","decl":{"start":{"line":201,"column":2},"end":{"line":201,"column":3}},"loc":{"start":{"line":201,"column":40},"end":{"line":209,"column":3}},"line":201},"35":{"name":"(anonymous_35)","decl":{"start":{"line":211,"column":2},"end":{"line":211,"column":3}},"loc":{"start":{"line":211,"column":38},"end":{"line":215,"column":3}},"line":211},"36":{"name":"(anonymous_36)","decl":{"start":{"line":219,"column":2},"end":{"line":219,"column":3}},"loc":{"start":{"line":219,"column":35},"end":{"line":223,"column":3}},"line":219},"37":{"name":"(anonymous_37)","decl":{"start":{"line":225,"column":2},"end":{"line":225,"column":3}},"loc":{"start":{"line":225,"column":45},"end":{"line":229,"column":3}},"line":225},"38":{"name":"(anonymous_38)","decl":{"start":{"line":231,"column":2},"end":{"line":231,"column":3}},"loc":{"start":{"line":231,"column":31},"end":{"line":233,"column":3}},"line":231},"39":{"name":"(anonymous_39)","decl":{"start":{"line":235,"column":2},"end":{"line":235,"column":3}},"loc":{"start":{"line":235,"column":45},"end":{"line":237,"column":3}},"line":235},"40":{"name":"(anonymous_40)","decl":{"start":{"line":239,"column":2},"end":{"line":239,"column":3}},"loc":{"start":{"line":239,"column":33},"end":{"line":241,"column":3}},"line":239},"41":{"name":"(anonymous_41)","decl":{"start":{"line":243,"column":2},"end":{"line":243,"column":3}},"loc":{"start":{"line":243,"column":41},"end":{"line":246,"column":3}},"line":243},"42":{"name":"(anonymous_42)","decl":{"start":{"line":248,"column":2},"end":{"line":248,"column":3}},"loc":{"start":{"line":248,"column":31},"end":{"line":251,"column":3}},"line":248},"43":{"name":"(anonymous_43)","decl":{"start":{"line":253,"column":2},"end":{"line":253,"column":3}},"loc":{"start":{"line":253,"column":37},"end":{"line":256,"column":3}},"line":253},"44":{"name":"(anonymous_44)","decl":{"start":{"line":258,"column":2},"end":{"line":258,"column":3}},"loc":{"start":{"line":258,"column":33},"end":{"line":260,"column":3}},"line":258},"45":{"name":"(anonymous_45)","decl":{"start":{"line":262,"column":2},"end":{"line":262,"column":3}},"loc":{"start":{"line":262,"column":35},"end":{"line":264,"column":3}},"line":262},"46":{"name":"(anonymous_46)","decl":{"start":{"line":268,"column":2},"end":{"line":268,"column":3}},"loc":{"start":{"line":268,"column":21},"end":{"line":270,"column":3}},"line":268},"47":{"name":"(anonymous_47)","decl":{"start":{"line":272,"column":2},"end":{"line":272,"column":3}},"loc":{"start":{"line":272,"column":23},"end":{"line":274,"column":3}},"line":272},"48":{"name":"(anonymous_48)","decl":{"start":{"line":276,"column":2},"end":{"line":276,"column":3}},"loc":{"start":{"line":276,"column":39},"end":{"line":278,"column":3}},"line":276}},"branchMap":{"0":{"loc":{"start":{"line":41,"column":4},"end":{"line":41,"column":52}},"type":"if","locations":[{"start":{"line":41,"column":4},"end":{"line":41,"column":52}},{"start":{"line":41,"column":4},"end":{"line":41,"column":52}}],"line":41},"1":{"loc":{"start":{"line":132,"column":4},"end":{"line":132,"column":45}},"type":"if","locations":[{"start":{"line":132,"column":4},"end":{"line":132,"column":45}},{"start":{"line":132,"column":4},"end":{"line":132,"column":45}}],"line":132},"2":{"loc":{"start":{"line":133,"column":4},"end":{"line":133,"column":61}},"type":"if","locations":[{"start":{"line":133,"column":4},"end":{"line":133,"column":61}},{"start":{"line":133,"column":4},"end":{"line":133,"column":61}}],"line":133},"3":{"loc":{"start":{"line":142,"column":4},"end":{"line":142,"column":45}},"type":"if","locations":[{"start":{"line":142,"column":4},"end":{"line":142,"column":45}},{"start":{"line":142,"column":4},"end":{"line":142,"column":45}}],"line":142}},"s":{"0":1,"1":1,"2":1,"3":1,"4":5,"5":4,"6":1,"7":0,"8":0,"9":5,"10":5,"11":5,"12":1,"13":5,"14":5,"15":0,"16":0,"17":0,"18":0,"19":1,"20":0,"21":0,"22":1,"23":0,"24":0,"25":0,"26":0,"27":1,"28":1,"29":0,"30":0,"31":0,"32":0,"33":0,"34":0,"35":0,"36":0,"37":0,"38":0,"39":0,"40":0,"41":0,"42":0,"43":0,"44":1,"45":1,"46":1,"47":1,"48":1,"49":0,"50":0,"51":0,"52":0,"53":0,"54":0,"55":0,"56":0,"57":0,"58":0,"59":0,"60":0,"61":0,"62":0,"63":0,"64":0,"65":0,"66":0,"67":0,"68":0,"69":0,"70":0,"71":0,"72":0,"73":0,"74":0,"75":0,"76":0,"77":0,"78":0,"79":0,"80":0,"81":0,"82":0,"83":0,"84":0,"85":0,"86":0,"87":0,"88":1},"f":{"0":1,"1":5,"2":4,"3":1,"4":0,"5":0,"6":5,"7":0,"8":0,"9":0,"10":1,"11":0,"12":1,"13":0,"14":0,"15":1,"16":1,"17":0,"18":0,"19":0,"20":0,"21":0,"22":0,"23":0,"24":0,"25":1,"26":0,"27":0,"28":0,"29":0,"30":0,"31":0,"32":0,"33":0,"34":0,"35":0,"36":0,"37":0,"38":0,"39":0,"40":0,"41":0,"42":0,"43":0,"44":0,"45":0,"46":0,"47":0,"48":0},"b":{"0":[1,4],"1":[0,0],"2":[0,0],"3":[1,0]},"_coverageSchema":"43e27e138ebf9cfc5966b082cf9a028302ed4184","hash":"ff56b7149fab3becaecb1d7694754966ba19327b"}
}
