TN:
SF:/Users/tombastian/workspace/trello-api-wrapper/mockReturns.js
FNF:0
FNH:0
DA:1,1
DA:58,1
DA:87,1
LF:3
LH:3
BRF:0
BRH:0
end_of_record
TN:
SF:/Users/tombastian/workspace/trello-api-wrapper/trello.js
FN:11,(anonymous_0)
FN:17,(anonymous_1)
FN:21,(anonymous_2)
FN:25,(anonymous_3)
FN:29,(anonymous_4)
FN:33,(anonymous_5)
FN:37,(anonymous_6)
FN:52,(anonymous_7)
FN:56,(anonymous_8)
FN:60,(anonymous_9)
FN:64,(anonymous_10)
FN:68,(anonymous_11)
FN:73,(anonymous_12)
FN:77,(anonymous_13)
FN:84,(anonymous_14)
FN:88,(anonymous_15)
FN:92,(anonymous_16)
FN:96,(anonymous_17)
FN:103,(anonymous_18)
FN:107,(anonymous_19)
FN:111,(anonymous_20)
FN:115,(anonymous_21)
FN:119,(anonymous_22)
FN:123,(anonymous_23)
FN:129,(anonymous_24)
FN:139,(anonymous_25)
FN:149,(anonymous_26)
FN:157,(anonymous_27)
FN:163,(anonymous_28)
FN:169,(anonymous_29)
FN:174,(anonymous_30)
FN:180,(anonymous_31)
FN:186,(anonymous_32)
FN:195,(anonymous_33)
FN:201,(anonymous_34)
FN:211,(anonymous_35)
FN:219,(anonymous_36)
FN:225,(anonymous_37)
FN:231,(anonymous_38)
FN:235,(anonymous_39)
FN:239,(anonymous_40)
FN:243,(anonymous_41)
FN:248,(anonymous_42)
FN:253,(anonymous_43)
FN:258,(anonymous_44)
FN:262,(anonymous_45)
FN:268,(anonymous_46)
FN:272,(anonymous_47)
FN:276,(anonymous_48)
FNF:49
FNH:10
FNDA:1,(anonymous_0)
FNDA:5,(anonymous_1)
FNDA:4,(anonymous_2)
FNDA:1,(anonymous_3)
FNDA:0,(anonymous_4)
FNDA:0,(anonymous_5)
FNDA:5,(anonymous_6)
FNDA:0,(anonymous_7)
FNDA:0,(anonymous_8)
FNDA:0,(anonymous_9)
FNDA:1,(anonymous_10)
FNDA:0,(anonymous_11)
FNDA:1,(anonymous_12)
FNDA:0,(anonymous_13)
FNDA:0,(anonymous_14)
FNDA:1,(anonymous_15)
FNDA:1,(anonymous_16)
FNDA:0,(anonymous_17)
FNDA:0,(anonymous_18)
FNDA:0,(anonymous_19)
FNDA:0,(anonymous_20)
FNDA:0,(anonymous_21)
FNDA:0,(anonymous_22)
FNDA:0,(anonymous_23)
FNDA:0,(anonymous_24)
FNDA:1,(anonymous_25)
FNDA:0,(anonymous_26)
FNDA:0,(anonymous_27)
FNDA:0,(anonymous_28)
FNDA:0,(anonymous_29)
FNDA:0,(anonymous_30)
FNDA:0,(anonymous_31)
FNDA:0,(anonymous_32)
FNDA:0,(anonymous_33)
FNDA:0,(anonymous_34)
FNDA:0,(anonymous_35)
FNDA:0,(anonymous_36)
FNDA:0,(anonymous_37)
FNDA:0,(anonymous_38)
FNDA:0,(anonymous_39)
FNDA:0,(anonymous_40)
FNDA:0,(anonymous_41)
FNDA:0,(anonymous_42)
FNDA:0,(anonymous_43)
FNDA:0,(anonymous_44)
FNDA:0,(anonymous_45)
FNDA:0,(anonymous_46)
FNDA:0,(anonymous_47)
FNDA:0,(anonymous_48)
DA:8,1
DA:12,1
DA:13,1
DA:14,1
DA:18,5
DA:22,4
DA:26,1
DA:30,0
DA:34,0
DA:38,5
DA:40,5
DA:41,5
DA:43,5
DA:44,5
DA:46,0
DA:53,0
DA:57,0
DA:61,0
DA:65,1
DA:69,0
DA:70,0
DA:74,1
DA:78,0
DA:79,0
DA:81,0
DA:85,0
DA:89,1
DA:93,1
DA:97,0
DA:98,0
DA:100,0
DA:104,0
DA:108,0
DA:112,0
DA:116,0
DA:120,0
DA:124,0
DA:130,0
DA:132,0
DA:133,0
DA:135,0
DA:140,1
DA:142,1
DA:145,1
DA:146,1
DA:150,0
DA:152,0
DA:154,0
DA:158,0
DA:160,0
DA:164,0
DA:166,0
DA:170,0
DA:171,0
DA:175,0
DA:177,0
DA:181,0
DA:183,0
DA:187,0
DA:192,0
DA:196,0
DA:198,0
DA:202,0
DA:208,0
DA:212,0
DA:214,0
DA:220,0
DA:222,0
DA:226,0
DA:228,0
DA:232,0
DA:236,0
DA:240,0
DA:244,0
DA:245,0
DA:249,0
DA:250,0
DA:254,0
DA:255,0
DA:259,0
DA:263,0
DA:269,0
DA:273,0
DA:277,0
DA:282,1
LF:85
LH:21
BRDA:41,0,0,1
BRDA:41,0,1,4
BRDA:132,1,0,0
BRDA:132,1,1,0
BRDA:133,2,0,0
BRDA:133,2,1,0
BRDA:142,3,0,1
BRDA:142,3,1,0
BRF:8
BRH:3
end_of_record
